<?xml version="1.0" encoding="UTF-8"?>
<robot generator="Robot 6.0.1 (Python 3.10.6 on linux)" generated="20221203 16:46:21.258" rpa="false" schemaversion="3">
<suite id="s1" name="shopping cart BG 2" source="/home/adam/Dokumenty/Python-Kurs/RobotFramework/tests/shopping_cart_BG_2.robot">
<test id="s1-t1" name="Adding Product To Shopping Catr Should Increase Products Amount" line="19">
<kw name="Open Shop Webpage" type="SETUP">
<kw name="Open Browser" library="SeleniumLibrary">
<arg>${URL}</arg>
<arg>${BROWSER}</arg>
<doc>Opens a new browser instance to the optional ``url``.</doc>
<msg timestamp="20221203 16:46:21.432" level="INFO">Opening browser 'firefox' to base url 'https://www.banggood.com/'.</msg>
<msg timestamp="20221203 16:46:21.433" level="INFO">Firefox driver log is always forced to to: /home/adam/Dokumenty/Python-Kurs/RobotFramework/tests/geckodriver-35.log</msg>
<status status="PASS" starttime="20221203 16:46:21.431" endtime="20221203 16:46:52.685"/>
</kw>
<kw name="Maximize Browser Window" library="SeleniumLibrary">
<doc>Maximizes current browser window.</doc>
<status status="PASS" starttime="20221203 16:46:52.685" endtime="20221203 16:46:52.733"/>
</kw>
<status status="PASS" starttime="20221203 16:46:21.431" endtime="20221203 16:46:52.733"/>
</kw>
<kw name="Prepare Env">
<kw name="Set Selenium Speed" library="SeleniumLibrary">
<arg>0.5</arg>
<doc>Sets the delay that is waited after each Selenium command.</doc>
<status status="PASS" starttime="20221203 16:46:52.734" endtime="20221203 16:46:52.735"/>
</kw>
<kw name="Set Screenshot Directory" library="SeleniumLibrary">
<arg>screanshots_2</arg>
<doc>Sets the directory for captured screenshots.</doc>
<status status="PASS" starttime="20221203 16:46:52.735" endtime="20221203 16:46:52.737"/>
</kw>
<status status="PASS" starttime="20221203 16:46:52.733" endtime="20221203 16:46:52.737"/>
</kw>
<kw name="Close Popup">
<kw name="Page Should Contain Element" library="SeleniumLibrary">
<var>${Result}</var>
<arg>${POPUP_1}</arg>
<doc>Verifies that element ``locator`` is found on the current page.</doc>
<msg timestamp="20221203 16:46:54.484" level="INFO" html="true">&lt;/td&gt;&lt;/tr&gt;&lt;tr&gt;&lt;td colspan="3"&gt;&lt;a href="screanshots_2/selenium-screenshot-37.png"&gt;&lt;img src="screanshots_2/selenium-screenshot-37.png" width="800px"&gt;&lt;/a&gt;</msg>
<msg timestamp="20221203 16:46:54.485" level="FAIL">Page should have contained element '//html/body/div[10]/div/button[2]' but did not.</msg>
<status status="FAIL" starttime="20221203 16:46:52.739" endtime="20221203 16:46:54.486"/>
</kw>
<kw name="Run Keyword If" library="BuiltIn">
<arg>'${Result}'=='PASS'</arg>
<arg>Click Button</arg>
<arg>${POPUP_1}</arg>
<doc>Runs the given keyword with the given arguments, if ``condition`` is true.</doc>
<status status="NOT RUN" starttime="20221203 16:46:54.486" endtime="20221203 16:46:54.487"/>
</kw>
<kw name="Page Should Contain Element" library="SeleniumLibrary">
<var>${Result_1}</var>
<arg>${POPUP_2}</arg>
<doc>Verifies that element ``locator`` is found on the current page.</doc>
<status status="NOT RUN" starttime="20221203 16:46:54.487" endtime="20221203 16:46:54.487"/>
</kw>
<kw name="Run Keyword If" library="BuiltIn">
<arg>'${Result_1}'=='PASS'</arg>
<arg>Click Button</arg>
<arg>${POPUP_2}</arg>
<doc>Runs the given keyword with the given arguments, if ``condition`` is true.</doc>
<status status="NOT RUN" starttime="20221203 16:46:54.487" endtime="20221203 16:46:54.487"/>
</kw>
<status status="FAIL" starttime="20221203 16:46:52.737" endtime="20221203 16:46:54.488"/>
</kw>
<kw name="Check Shopping Cart Ammount Is 0" sourcename="Check Shopping Cart Ammount Is ${AMMOUNT}">
<status status="NOT RUN" starttime="20221203 16:46:54.489" endtime="20221203 16:46:54.489"/>
</kw>
<kw name="Search Product">
<status status="NOT RUN" starttime="20221203 16:46:54.490" endtime="20221203 16:46:54.490"/>
</kw>
<kw name="Go To Product View">
<status status="NOT RUN" starttime="20221203 16:46:54.491" endtime="20221203 16:46:54.491"/>
</kw>
<kw name="Add Product To Shopping Cart">
<status status="NOT RUN" starttime="20221203 16:46:54.492" endtime="20221203 16:46:54.492"/>
</kw>
<kw name="Check Shopping Cart Ammount Is 1" sourcename="Check Shopping Cart Ammount Is ${AMMOUNT}">
<status status="NOT RUN" starttime="20221203 16:46:54.496" endtime="20221203 16:46:54.499"/>
</kw>
<status status="FAIL" starttime="20221203 16:46:21.430" endtime="20221203 16:46:54.500">Page should have contained element '//html/body/div[10]/div/button[2]' but did not.</status>
</test>
<doc>Automation test to add an item to shopping cart</doc>
<status status="FAIL" starttime="20221203 16:46:21.259" endtime="20221203 16:46:54.504"/>
</suite>
<statistics>
<total>
<stat pass="0" fail="1" skip="0">All Tests</stat>
</total>
<tag>
</tag>
<suite>
<stat pass="0" fail="1" skip="0" id="s1" name="shopping cart BG 2">shopping cart BG 2</stat>
</suite>
</statistics>
<errors>
</errors>
</robot>
