<?xml version="1.0" encoding="UTF-8"?>
<robot generator="Robot 6.0.1 (Python 3.10.6 on linux)" generated="20221203 12:18:05.196" rpa="false" schemaversion="3">
<suite id="s1" name="shopping cart BG 2" source="/home/adam/Dokumenty/Python-Kurs/RobotFramework/tests/shopping_cart_BG_2.robot">
<test id="s1-t1" name="Adding Product To Shopping Catr Should Increase Products Amount" line="13">
<kw name="Prepare Env">
<kw name="Set Screenshot Directory" library="SeleniumLibrary">
<arg>screanshots_2</arg>
<doc>Sets the directory for captured screenshots.</doc>
<status status="PASS" starttime="20221203 12:18:05.366" endtime="20221203 12:18:05.367"/>
</kw>
<status status="PASS" starttime="20221203 12:18:05.366" endtime="20221203 12:18:05.367"/>
</kw>
<kw name="Open Shop Webpage">
<kw name="Open Browser" library="SeleniumLibrary">
<arg>https://www.banggood.com/</arg>
<arg>firefox</arg>
<doc>Opens a new browser instance to the optional ``url``.</doc>
<msg timestamp="20221203 12:18:05.368" level="INFO">Opening browser 'firefox' to base url 'https://www.banggood.com/'.</msg>
<msg timestamp="20221203 12:18:05.368" level="INFO">Firefox driver log is always forced to to: /home/adam/Dokumenty/Python-Kurs/RobotFramework/tests/geckodriver-3.log</msg>
<status status="PASS" starttime="20221203 12:18:05.367" endtime="20221203 12:18:24.500"/>
</kw>
<kw name="Maximize Browser Window" library="SeleniumLibrary">
<doc>Maximizes current browser window.</doc>
<status status="PASS" starttime="20221203 12:18:24.500" endtime="20221203 12:18:24.526"/>
</kw>
<status status="PASS" starttime="20221203 12:18:05.367" endtime="20221203 12:18:24.526"/>
</kw>
<kw name="Close Popups">
<kw name="Click Button" library="SeleniumLibrary">
<arg>${POPUP_1}</arg>
<doc>Clicks the button identified by ``locator``.</doc>
<msg timestamp="20221203 12:18:24.530" level="INFO">Clicking button '//html/body/div[10]/div/button[2]'.</msg>
<status status="PASS" starttime="20221203 12:18:24.528" endtime="20221203 12:18:24.853"/>
</kw>
<status status="PASS" starttime="20221203 12:18:24.527" endtime="20221203 12:18:24.853"/>
</kw>
<kw name="Search Product">
<msg timestamp="20221203 12:18:24.867" level="FAIL">No keyword with name 'Search Product' found.</msg>
<status status="FAIL" starttime="20221203 12:18:24.866" endtime="20221203 12:18:24.867"/>
</kw>
<kw name="Go To Product View">
<status status="NOT RUN" starttime="20221203 12:18:24.876" endtime="20221203 12:18:24.876"/>
</kw>
<kw name="Add Product To Shopping Cart">
<status status="NOT RUN" starttime="20221203 12:18:24.884" endtime="20221203 12:18:24.884"/>
</kw>
<kw name="Check If Shopping Cart Has 1 Product">
<status status="NOT RUN" starttime="20221203 12:18:24.890" endtime="20221203 12:18:24.890"/>
</kw>
<status status="FAIL" starttime="20221203 12:18:05.365" endtime="20221203 12:18:24.891">No keyword with name 'Search Product' found.</status>
</test>
<doc>Automation test to add an item to shopping cart</doc>
<status status="FAIL" starttime="20221203 12:18:05.197" endtime="20221203 12:18:24.893"/>
</suite>
<statistics>
<total>
<stat pass="0" fail="1" skip="0">All Tests</stat>
</total>
<tag>
</tag>
<suite>
<stat pass="0" fail="1" skip="0" id="s1" name="shopping cart BG 2">shopping cart BG 2</stat>
</suite>
</statistics>
<errors>
</errors>
</robot>
